\BOOKMARK [1][-]{section*.2}{Introduction}{}% 1
\BOOKMARK [1][-]{section.1}{Tools for expressing filters and signal processing}{}% 2
\BOOKMARK [2][-]{subsection.1.1}{Fundamentals about signal processsing}{section.1}% 3
\BOOKMARK [3][-]{subsubsection.1.1.1}{Definition of a signal}{subsection.1.1}% 4
\BOOKMARK [3][-]{subsubsection.1.1.2}{l norm}{subsection.1.1}% 5
\BOOKMARK [3][-]{subsubsection.1.1.3}{Linear Time Invariant Filters \(LTI filters\)}{subsection.1.1}% 6
\BOOKMARK [3][-]{subsubsection.1.1.4}{Impulse response}{subsection.1.1}% 7
\BOOKMARK [3][-]{subsubsection.1.1.5}{Worst-Case Peak Gain \(WCPG\) of a Filter: the maximum possible amplification}{subsection.1.1}% 8
\BOOKMARK [2][-]{subsection.1.2}{FIR and IIR: two filters families}{section.1}% 9
\BOOKMARK [2][-]{subsection.1.3}{Different realizations: how to compute the output of a filter?}{section.1}% 10
\BOOKMARK [3][-]{subsubsection.1.3.1}{Direct and transposed forms}{subsection.1.3}% 11
\BOOKMARK [3][-]{subsubsection.1.3.2}{State-space representation: a recurrence to define an infinite response}{subsection.1.3}% 12
\BOOKMARK [2][-]{subsection.1.4}{The Specialized Implicit Form \(SIF\): a unified representation}{section.1}% 13
\BOOKMARK [3][-]{subsubsection.1.4.1}{Definition}{subsection.1.4}% 14
\BOOKMARK [3][-]{subsubsection.1.4.2}{Workflow for filter implementation}{subsection.1.4}% 15
\BOOKMARK [1][-]{section.2}{Architecture generation}{}% 16
\BOOKMARK [2][-]{subsection.2.1}{Implementation: what can be done in practise?}{section.2}% 17
\BOOKMARK [3][-]{subsubsection.2.1.1}{The FloPoCo Framework: computing just right}{subsection.2.1}% 18
\BOOKMARK [3][-]{subsubsection.2.1.2}{KCM multipliers: an architecture to efficiently compute products on FPGAs}{subsection.2.1}% 19
\BOOKMARK [3][-]{subsubsection.2.1.3}{SOPCs: exploiting full parallel architecures}{subsection.2.1}% 20
\BOOKMARK [3][-]{subsubsection.2.1.4}{Precision concerns}{subsection.2.1}% 21
\BOOKMARK [3][-]{subsubsection.2.1.5}{Size computation in finite precision}{subsection.2.1}% 22
\BOOKMARK [3][-]{subsubsection.2.1.6}{Error analysis}{subsection.2.1}% 23
\BOOKMARK [3][-]{subsubsection.2.1.7}{Worst-case peak gain computation}{subsection.2.1}% 24
\BOOKMARK [2][-]{subsection.2.2}{Architecture generation algorithm}{section.2}% 25
\BOOKMARK [2][-]{subsection.2.3}{Particular Forms, degenerated cases}{section.2}% 26
\BOOKMARK [3][-]{subsubsection.2.3.1}{ABCD Form: still achievable}{subsection.2.3}% 27
\BOOKMARK [3][-]{subsubsection.2.3.2}{When nx=0}{subsection.2.3}% 28
\BOOKMARK [2][-]{subsection.2.4}{Optimizations}{section.2}% 29
\BOOKMARK [3][-]{subsubsection.2.4.1}{Sparse matrices}{subsection.2.4}% 30
\BOOKMARK [3][-]{subsubsection.2.4.2}{Power of two coefficients}{subsection.2.4}% 31
\BOOKMARK [2][-]{subsection.2.5}{Implementation details}{section.2}% 32
\BOOKMARK [2][-]{subsection.2.6}{Filter specification interface}{section.2}% 33
\BOOKMARK [1][-]{section.3}{Further work}{}% 34
\BOOKMARK [2][-]{subsection.3.1}{Static analysis on coefficients}{section.3}% 35
\BOOKMARK [2][-]{subsection.3.2}{Sub-filter detection}{section.3}% 36
\BOOKMARK [2][-]{subsection.3.3}{Precision calculations improvement}{section.3}% 37
\BOOKMARK [2][-]{subsection.3.4}{File format re-specification}{section.3}% 38
\BOOKMARK [1][-]{section*.3}{Conclusion}{}% 39
