\BOOKMARK [1][-]{section.1}{ Introduction }{}% 1
\BOOKMARK [1][-]{section.2}{Tools for expressing filters and signal processing}{}% 2
\BOOKMARK [2][-]{subsection.2.1}{Fundamentals about signal processsing}{section.2}% 3
\BOOKMARK [3][-]{subsubsection.2.1.1}{Definition of a signal}{subsection.2.1}% 4
\BOOKMARK [3][-]{subsubsection.2.1.2}{Linear Time Invariant Filters \(LTI filters\)}{subsection.2.1}% 5
\BOOKMARK [3][-]{subsubsection.2.1.3}{Worst-Case Peak Gain \(WCPG\) of a Filter: the maximum possible amplification}{subsection.2.1}% 6
\BOOKMARK [2][-]{subsection.2.2}{FIR and IIR: two filters families}{section.2}% 7
\BOOKMARK [2][-]{subsection.2.3}{Different realizations: how to compute the output of a filter?}{section.2}% 8
\BOOKMARK [3][-]{subsubsection.2.3.1}{Direct and transposed forms}{subsection.2.3}% 9
\BOOKMARK [3][-]{subsubsection.2.3.2}{State-space representation: a recurrence to define an infinite response}{subsection.2.3}% 10
\BOOKMARK [2][-]{subsection.2.4}{The Specialized Implicit Form \(SIF\): a unified representation}{section.2}% 11
\BOOKMARK [3][-]{subsubsection.2.4.1}{Definition}{subsection.2.4}% 12
\BOOKMARK [3][-]{subsubsection.2.4.2}{Workflow for filter implementation}{subsection.2.4}% 13
\BOOKMARK [1][-]{section.3}{Architecture generation}{}% 14
\BOOKMARK [2][-]{subsection.3.1}{Implementation: what can be done in practise?}{section.3}% 15
\BOOKMARK [3][-]{subsubsection.3.1.1}{The FloPoCo Framework: computing just right}{subsection.3.1}% 16
\BOOKMARK [3][-]{subsubsection.3.1.2}{KCM multipliers: an architecture to efficiently compute products on FPGAs}{subsection.3.1}% 17
\BOOKMARK [3][-]{subsubsection.3.1.3}{SOPCs: exploiting full parallel architecures}{subsection.3.1}% 18
\BOOKMARK [3][-]{subsubsection.3.1.4}{Precision concerns}{subsection.3.1}% 19
\BOOKMARK [3][-]{subsubsection.3.1.5}{Size computation in finite precision}{subsection.3.1}% 20
\BOOKMARK [3][-]{subsubsection.3.1.6}{Error analysis}{subsection.3.1}% 21
\BOOKMARK [3][-]{subsubsection.3.1.7}{Worst-case peak gain computation}{subsection.3.1}% 22
\BOOKMARK [2][-]{subsection.3.2}{Architecture generation algorithm}{section.3}% 23
\BOOKMARK [2][-]{subsection.3.3}{Particular Forms, degenerated cases}{section.3}% 24
\BOOKMARK [3][-]{subsubsection.3.3.1}{ABCD Form: still achievable}{subsection.3.3}% 25
\BOOKMARK [3][-]{subsubsection.3.3.2}{When nx=0}{subsection.3.3}% 26
\BOOKMARK [2][-]{subsection.3.4}{Optimizations}{section.3}% 27
\BOOKMARK [3][-]{subsubsection.3.4.1}{Sparse matrices}{subsection.3.4}% 28
\BOOKMARK [3][-]{subsubsection.3.4.2}{Power of two coefficients}{subsection.3.4}% 29
\BOOKMARK [2][-]{subsection.3.5}{Implementation details}{section.3}% 30
\BOOKMARK [2][-]{subsection.3.6}{Filter specification interface}{section.3}% 31
\BOOKMARK [1][-]{section.4}{Further work}{}% 32
\BOOKMARK [2][-]{subsection.4.1}{Static analysis on coefficients}{section.4}% 33
\BOOKMARK [2][-]{subsection.4.2}{Sub-filter detection}{section.4}% 34
\BOOKMARK [2][-]{subsection.4.3}{Precision calculations improvement}{section.4}% 35
\BOOKMARK [2][-]{subsection.4.4}{File format re-specification}{section.4}% 36
\BOOKMARK [1][-]{section*.1}{Conclusion}{}% 37
